2026-06-09 21:02:35,825 - INFO - Processing comma-separated spreadsheet: change_log.csv
2026-06-09 21:02:35,826 - INFO - Processing structured issue log: issue_log.txt
2026-06-09 21:02:35,826 - INFO - Processing Excel spreadsheet portfolio matrix: assumption_log.xlsx
2026-06-09 21:02:35,960 - INFO - Skipping risk register file: test_risk.txt
2026-06-09 21:02:35,960 - INFO - Creating Vector Store...
2026-06-09 21:02:54,853 - INFO - Warning: Register not found at ../project_folder/test_risk.txt. Skipping registration check.
2026-06-09 21:02:54,854 - INFO - Creating Vector Store...
2026-06-09 21:03:19,245 - INFO - Performing automated audit against 3 risk categories...
2026-06-09 21:10:31,356 - INFO - Performing automated audit against 3 risk categories...
2026-06-09 21:24:48,071 - INFO - Performing automated audit against 3 risk categories...
2026-06-09 21:24:50,878 - INFO - AUDIT COMPLETE
2026-06-09 21:25:15,950 - INFO - Performing automated audit against 3 risk categories...
2026-06-09 21:25:18,737 - INFO - AUDIT COMPLETE
2026-06-09 21:25:58,681 - INFO - Processing comma-separated spreadsheet: change_log.csv
2026-06-09 21:25:58,681 - INFO - Processing structured issue log: issue_log.txt
2026-06-09 21:25:58,682 - INFO - Processing Excel spreadsheet portfolio matrix: assumption_log.xlsx
2026-06-09 21:25:58,817 - INFO - Skipping risk register file: test_risk.txt
2026-06-09 21:25:58,817 - INFO - Creating Vector Store...
2026-06-09 21:26:18,200 - INFO - Performing automated audit against 3 risk categories...
2026-06-09 21:26:20,849 - INFO - AUDIT COMPLETE
2026-06-09 21:27:07,038 - INFO - Performing automated audit against 3 risk categories...
2026-06-09 21:27:13,001 - INFO - AUDIT COMPLETE
2026-06-09 21:37:15,028 - INFO - Performing automated audit against 3 risk categories...
2026-06-09 21:37:17,820 - INFO - AUDIT COMPLETE
2026-06-09 21:37:55,093 - INFO - Processing comma-separated spreadsheet: change_log.csv
2026-06-09 21:37:55,093 - INFO - Processing structured issue log: issue_log.txt
2026-06-09 21:37:55,094 - INFO - Processing Excel spreadsheet portfolio matrix: assumption_log.xlsx
2026-06-09 21:37:55,226 - INFO - Skipping risk register file: test_risk.txt
2026-06-09 21:37:55,227 - INFO - Creating Vector Store...
2026-06-09 21:38:11,778 - INFO - Performing automated audit against 3 risk categories...
2026-06-09 21:38:14,703 - INFO - AUDIT COMPLETE
2026-06-09 23:03:30,738 - INFO - Performing automated audit against 3 risk categories...
2026-06-09 23:03:34,928 - INFO - AUDIT COMPLETE
2026-06-10 16:05:20,543 - INFO - Performing automated audit against 3 risk categories...
2026-06-10 16:05:23,202 - INFO - AUDIT COMPLETE
2026-06-10 16:06:08,013 - INFO - Processing comma-separated spreadsheet: change_log.csv
2026-06-10 16:06:08,152 - INFO - Processing structured issue log: issue_log.txt
2026-06-10 16:06:08,153 - INFO - Processing Excel spreadsheet portfolio matrix: assumption_log.xlsx
2026-06-10 16:06:10,209 - INFO - Skipping risk register file: test_risk.txt
2026-06-10 16:06:10,209 - INFO - Creating Vector Store...
2026-06-10 16:06:28,094 - INFO - Performing automated audit against 3 risk categories...
2026-06-10 16:06:30,830 - INFO - AUDIT COMPLETE
2026-06-13 15:01:58,101 - INFO - Performing automated audit against 3 risk categories...
2026-06-13 15:02:04,139 - INFO - AUDIT COMPLETE
2026-06-13 15:02:45,465 - INFO - Processing Excel spreadsheet portfolio matrix: assumption_log.xlsx
2026-06-13 15:03:12,899 - INFO - Processing Excel spreadsheet portfolio matrix: assumption_log.xlsx
2026-06-13 15:03:13,022 - INFO - Processing comma-separated spreadsheet: change_log.csv
2026-06-13 15:03:13,022 - INFO - Processing structured issue log: issue_log.txt
2026-06-13 15:03:13,023 - INFO - Skipping risk register file: test_risk.txt
2026-06-13 15:03:13,023 - INFO - Creating Vector Store...
2026-06-13 15:03:40,038 - INFO - Performing automated audit against 3 risk categories...
2026-06-13 15:03:44,284 - INFO - AUDIT COMPLETE
2026-06-13 15:04:54,737 - INFO - Performing automated audit against 3 risk categories...
2026-06-13 15:05:00,828 - INFO - AUDIT COMPLETE
